2023-10-31 16:54:29,009 INFO    StreamThr :148504 [internal.py:wandb_internal():86] W&B internal server running at pid: 148504, started at: 2023-10-31 16:54:29.007722
2023-10-31 16:54:29,011 DEBUG   HandlerThread:148504 [handler.py:handle_request():146] handle_request: status
2023-10-31 16:54:29,013 INFO    WriterThread:148504 [datastore.py:open_for_write():85] open: /home/chenlequn/GitHub/LDED-FusionNet/code/wandb/run-20231031_165428-ng5bm4qa/run-ng5bm4qa.wandb
2023-10-31 16:54:29,014 DEBUG   SenderThread:148504 [sender.py:send():380] send: header
2023-10-31 16:54:29,014 DEBUG   SenderThread:148504 [sender.py:send():380] send: run
2023-10-31 16:54:29,668 INFO    SenderThread:148504 [dir_watcher.py:__init__():211] watching files in: /home/chenlequn/GitHub/LDED-FusionNet/code/wandb/run-20231031_165428-ng5bm4qa/files
2023-10-31 16:54:29,668 INFO    SenderThread:148504 [sender.py:_start_run_threads():1122] run started: ng5bm4qa with start time 1698742468.134132
2023-10-31 16:54:29,685 DEBUG   HandlerThread:148504 [handler.py:handle_request():146] handle_request: check_version
2023-10-31 16:54:29,686 DEBUG   SenderThread:148504 [sender.py:send_request():407] send_request: check_version
2023-10-31 16:54:29,787 DEBUG   HandlerThread:148504 [handler.py:handle_request():146] handle_request: run_start
2023-10-31 16:54:29,788 DEBUG   HandlerThread:148504 [system_info.py:__init__():32] System info init
2023-10-31 16:54:29,788 DEBUG   HandlerThread:148504 [system_info.py:__init__():47] System info init done
2023-10-31 16:54:29,789 INFO    HandlerThread:148504 [system_monitor.py:start():194] Starting system monitor
2023-10-31 16:54:29,789 INFO    SystemMonitor:148504 [system_monitor.py:_start():158] Starting system asset monitoring threads
2023-10-31 16:54:29,790 INFO    HandlerThread:148504 [system_monitor.py:probe():214] Collecting system info
2023-10-31 16:54:29,790 INFO    SystemMonitor:148504 [interfaces.py:start():190] Started cpu monitoring
2023-10-31 16:54:29,791 INFO    SystemMonitor:148504 [interfaces.py:start():190] Started disk monitoring
2023-10-31 16:54:29,792 INFO    SystemMonitor:148504 [interfaces.py:start():190] Started gpu monitoring
2023-10-31 16:54:29,793 INFO    SystemMonitor:148504 [interfaces.py:start():190] Started memory monitoring
2023-10-31 16:54:29,795 INFO    SystemMonitor:148504 [interfaces.py:start():190] Started network monitoring
2023-10-31 16:54:29,826 DEBUG   HandlerThread:148504 [system_info.py:probe():196] Probing system
2023-10-31 16:54:29,827 DEBUG   HandlerThread:148504 [system_info.py:_probe_git():181] Probing git
2023-10-31 16:54:29,883 DEBUG   HandlerThread:148504 [system_info.py:_probe_git():189] Probing git done
2023-10-31 16:54:29,884 DEBUG   HandlerThread:148504 [system_info.py:probe():244] Probing system done
2023-10-31 16:54:29,884 DEBUG   HandlerThread:148504 [system_monitor.py:probe():223] {'os': 'Linux-5.15.0-87-generic-x86_64-with-glibc2.31', 'python': '3.9.16', 'heartbeatAt': '2023-10-31T08:54:29.826285', 'startedAt': '2023-10-31T08:54:28.126714', 'docker': None, 'cuda': None, 'args': (), 'state': 'running', 'program': '4b_ML_ablation.ipynb', 'codePathLocal': '4b_ML_ablation.ipynb', 'root': '/home/chenlequn/GitHub/LDED-FusionNet', 'git': {'remote': 'https://github.com/Davidlequnchen/LDED-FusionNet.git', 'commit': '3149946fe2c56cf2c0faa85c0e4c7039f365fff8'}, 'email': 'chen1189@e.ntu.edu.sg', 'host': 'chenlequn-HP-Z840-Workstation', 'username': 'chenlequn', 'executable': '/home/chenlequn/anaconda3/envs/torch/bin/python3', 'cpu_count': 8, 'cpu_count_logical': 8, 'cpu_freq': {'current': 1306.17325, 'min': 1200.0, 'max': 3500.0}, 'cpu_freq_per_core': [{'current': 1200.0, 'min': 1200.0, 'max': 3500.0}, {'current': 1300.0, 'min': 1200.0, 'max': 3500.0}, {'current': 1300.0, 'min': 1200.0, 'max': 3500.0}, {'current': 1700.0, 'min': 1200.0, 'max': 3500.0}, {'current': 1200.0, 'min': 1200.0, 'max': 3500.0}, {'current': 1200.0, 'min': 1200.0, 'max': 3500.0}, {'current': 1200.0, 'min': 1200.0, 'max': 3500.0}, {'current': 1349.386, 'min': 1200.0, 'max': 3500.0}], 'disk': {'/': {'total': 91.10977554321289, 'used': 23.006229400634766}}, 'gpu': 'NVIDIA GeForce RTX 3090', 'gpu_count': 1, 'gpu_devices': [{'name': 'NVIDIA GeForce RTX 3090', 'memory_total': 25769803776}], 'memory': {'total': 62.797264099121094}}
2023-10-31 16:54:29,884 INFO    HandlerThread:148504 [system_monitor.py:probe():224] Finished collecting system info
2023-10-31 16:54:29,884 INFO    HandlerThread:148504 [system_monitor.py:probe():227] Publishing system info
2023-10-31 16:54:29,884 DEBUG   HandlerThread:148504 [system_info.py:_save_pip():52] Saving list of pip packages installed into the current environment
2023-10-31 16:54:29,886 DEBUG   HandlerThread:148504 [system_info.py:_save_pip():68] Saving pip packages done
2023-10-31 16:54:29,886 DEBUG   HandlerThread:148504 [system_info.py:_save_conda():75] Saving list of conda packages installed into the current environment
2023-10-31 16:54:30,672 INFO    Thread-613:148504 [dir_watcher.py:_on_file_created():271] file/dir created: /home/chenlequn/GitHub/LDED-FusionNet/code/wandb/run-20231031_165428-ng5bm4qa/files/requirements.txt
2023-10-31 16:54:30,673 INFO    Thread-613:148504 [dir_watcher.py:_on_file_created():271] file/dir created: /home/chenlequn/GitHub/LDED-FusionNet/code/wandb/run-20231031_165428-ng5bm4qa/files/conda-environment.yaml
2023-10-31 16:54:37,676 DEBUG   HandlerThread:148504 [system_info.py:_save_conda():87] Saving conda packages done
2023-10-31 16:54:37,677 INFO    HandlerThread:148504 [system_monitor.py:probe():229] Finished publishing system info
2023-10-31 16:54:37,678 DEBUG   HandlerThread:148504 [handler.py:handle_request():146] handle_request: status_report
2023-10-31 16:54:37,678 DEBUG   HandlerThread:148504 [handler.py:handle_request():146] handle_request: keepalive
2023-10-31 16:54:37,679 DEBUG   SenderThread:148504 [sender.py:send():380] send: files
2023-10-31 16:54:37,681 INFO    SenderThread:148504 [sender.py:_save_file():1378] saving file wandb-metadata.json with policy now
2023-10-31 16:54:37,695 DEBUG   HandlerThread:148504 [handler.py:handle_request():146] handle_request: stop_status
2023-10-31 16:54:37,696 DEBUG   SenderThread:148504 [sender.py:send_request():407] send_request: stop_status
2023-10-31 16:54:37,699 DEBUG   HandlerThread:148504 [handler.py:handle_request():146] handle_request: internal_messages
2023-10-31 16:54:37,702 INFO    Thread-613:148504 [dir_watcher.py:_on_file_modified():288] file/dir modified: /home/chenlequn/GitHub/LDED-FusionNet/code/wandb/run-20231031_165428-ng5bm4qa/files/conda-environment.yaml
2023-10-31 16:54:37,702 INFO    Thread-613:148504 [dir_watcher.py:_on_file_created():271] file/dir created: /home/chenlequn/GitHub/LDED-FusionNet/code/wandb/run-20231031_165428-ng5bm4qa/files/wandb-metadata.json
2023-10-31 16:54:38,197 DEBUG   SenderThread:148504 [sender.py:send():380] send: telemetry
2023-10-31 16:54:38,197 DEBUG   SenderThread:148504 [sender.py:send():380] send: config
2023-10-31 16:54:38,584 INFO    wandb-upload_0:148504 [upload_job.py:push():131] Uploaded file /tmp/tmpsvmje6w3wandb/0clj2cj4-wandb-metadata.json
2023-10-31 16:54:40,198 DEBUG   HandlerThread:148504 [handler.py:handle_request():146] handle_request: status_report
2023-10-31 16:54:45,200 DEBUG   HandlerThread:148504 [handler.py:handle_request():146] handle_request: status_report
2023-10-31 16:54:50,201 DEBUG   HandlerThread:148504 [handler.py:handle_request():146] handle_request: status_report
2023-10-31 16:54:52,698 DEBUG   HandlerThread:148504 [handler.py:handle_request():146] handle_request: internal_messages
2023-10-31 16:54:52,699 DEBUG   HandlerThread:148504 [handler.py:handle_request():146] handle_request: stop_status
2023-10-31 16:54:52,699 DEBUG   SenderThread:148504 [sender.py:send_request():407] send_request: stop_status
2023-10-31 16:54:57,700 DEBUG   HandlerThread:148504 [handler.py:handle_request():146] handle_request: keepalive
2023-10-31 16:55:02,703 DEBUG   HandlerThread:148504 [handler.py:handle_request():146] handle_request: keepalive
2023-10-31 16:55:07,698 DEBUG   HandlerThread:148504 [handler.py:handle_request():146] handle_request: internal_messages
2023-10-31 16:55:12,704 DEBUG   HandlerThread:148504 [handler.py:handle_request():146] handle_request: keepalive
2023-10-31 16:55:17,706 DEBUG   HandlerThread:148504 [handler.py:handle_request():146] handle_request: keepalive
2023-10-31 16:55:22,697 DEBUG   HandlerThread:148504 [handler.py:handle_request():146] handle_request: internal_messages
2023-10-31 16:55:27,708 DEBUG   HandlerThread:148504 [handler.py:handle_request():146] handle_request: keepalive
2023-10-31 16:55:29,795 DEBUG   SystemMonitor:148504 [system_monitor.py:_start():172] Starting system metrics aggregation loop
2023-10-31 16:55:32,710 DEBUG   HandlerThread:148504 [handler.py:handle_request():146] handle_request: keepalive
2023-10-31 16:55:37,698 DEBUG   HandlerThread:148504 [handler.py:handle_request():146] handle_request: internal_messages
2023-10-31 16:55:42,713 DEBUG   HandlerThread:148504 [handler.py:handle_request():146] handle_request: keepalive
2023-10-31 16:55:47,714 DEBUG   HandlerThread:148504 [handler.py:handle_request():146] handle_request: keepalive
2023-10-31 16:55:52,698 DEBUG   HandlerThread:148504 [handler.py:handle_request():146] handle_request: internal_messages
2023-10-31 16:55:56,040 INFO    SenderThread:148504 [retry.py:__call__():172] Retry attempt failed:
Traceback (most recent call last):
  File "/home/chenlequn/anaconda3/envs/torch/lib/python3.9/site-packages/urllib3/connection.py", line 174, in _new_conn
    conn = connection.create_connection(
  File "/home/chenlequn/anaconda3/envs/torch/lib/python3.9/site-packages/urllib3/util/connection.py", line 95, in create_connection
    raise err
  File "/home/chenlequn/anaconda3/envs/torch/lib/python3.9/site-packages/urllib3/util/connection.py", line 85, in create_connection
    sock.connect(sa)
socket.timeout: timed out

During handling of the above exception, another exception occurred:

Traceback (most recent call last):
  File "/home/chenlequn/anaconda3/envs/torch/lib/python3.9/site-packages/urllib3/connectionpool.py", line 703, in urlopen
    httplib_response = self._make_request(
  File "/home/chenlequn/anaconda3/envs/torch/lib/python3.9/site-packages/urllib3/connectionpool.py", line 386, in _make_request
    self._validate_conn(conn)
  File "/home/chenlequn/anaconda3/envs/torch/lib/python3.9/site-packages/urllib3/connectionpool.py", line 1042, in _validate_conn
    conn.connect()
  File "/home/chenlequn/anaconda3/envs/torch/lib/python3.9/site-packages/urllib3/connection.py", line 358, in connect
    self.sock = conn = self._new_conn()
  File "/home/chenlequn/anaconda3/envs/torch/lib/python3.9/site-packages/urllib3/connection.py", line 179, in _new_conn
    raise ConnectTimeoutError(
urllib3.exceptions.ConnectTimeoutError: (<urllib3.connection.HTTPSConnection object at 0x7ff017859820>, 'Connection to api.wandb.ai timed out. (connect timeout=20)')

During handling of the above exception, another exception occurred:

Traceback (most recent call last):
  File "/home/chenlequn/anaconda3/envs/torch/lib/python3.9/site-packages/requests/adapters.py", line 486, in send
    resp = conn.urlopen(
  File "/home/chenlequn/anaconda3/envs/torch/lib/python3.9/site-packages/urllib3/connectionpool.py", line 787, in urlopen
    retries = retries.increment(
  File "/home/chenlequn/anaconda3/envs/torch/lib/python3.9/site-packages/urllib3/util/retry.py", line 592, in increment
    raise MaxRetryError(_pool, url, error or ResponseError(cause))
urllib3.exceptions.MaxRetryError: HTTPSConnectionPool(host='api.wandb.ai', port=443): Max retries exceeded with url: /graphql (Caused by ConnectTimeoutError(<urllib3.connection.HTTPSConnection object at 0x7ff017859820>, 'Connection to api.wandb.ai timed out. (connect timeout=20)'))

During handling of the above exception, another exception occurred:

Traceback (most recent call last):
  File "/home/chenlequn/anaconda3/envs/torch/lib/python3.9/site-packages/wandb/sdk/lib/retry.py", line 131, in __call__
    result = self._call_fn(*args, **kwargs)
  File "/home/chenlequn/anaconda3/envs/torch/lib/python3.9/site-packages/wandb/sdk/internal/internal_api.py", line 366, in execute
    return self.client.execute(*args, **kwargs)  # type: ignore
  File "/home/chenlequn/anaconda3/envs/torch/lib/python3.9/site-packages/wandb/vendor/gql-0.2.0/wandb_gql/client.py", line 52, in execute
    result = self._get_result(document, *args, **kwargs)
  File "/home/chenlequn/anaconda3/envs/torch/lib/python3.9/site-packages/wandb/vendor/gql-0.2.0/wandb_gql/client.py", line 60, in _get_result
    return self.transport.execute(document, *args, **kwargs)
  File "/home/chenlequn/anaconda3/envs/torch/lib/python3.9/site-packages/wandb/sdk/lib/gql_request.py", line 58, in execute
    request = self.session.post(self.url, **post_args)
  File "/home/chenlequn/anaconda3/envs/torch/lib/python3.9/site-packages/requests/sessions.py", line 637, in post
    return self.request("POST", url, data=data, json=json, **kwargs)
  File "/home/chenlequn/anaconda3/envs/torch/lib/python3.9/site-packages/requests/sessions.py", line 589, in request
    resp = self.send(prep, **send_kwargs)
  File "/home/chenlequn/anaconda3/envs/torch/lib/python3.9/site-packages/requests/sessions.py", line 703, in send
    r = adapter.send(request, **kwargs)
  File "/home/chenlequn/anaconda3/envs/torch/lib/python3.9/site-packages/requests/adapters.py", line 507, in send
    raise ConnectTimeout(e, request=request)
requests.exceptions.ConnectTimeout: HTTPSConnectionPool(host='api.wandb.ai', port=443): Max retries exceeded with url: /graphql (Caused by ConnectTimeoutError(<urllib3.connection.HTTPSConnection object at 0x7ff017859820>, 'Connection to api.wandb.ai timed out. (connect timeout=20)'))
2023-10-31 16:55:57,716 DEBUG   HandlerThread:148504 [handler.py:handle_request():146] handle_request: keepalive
2023-10-31 16:56:02,717 DEBUG   HandlerThread:148504 [handler.py:handle_request():146] handle_request: keepalive
2023-10-31 16:56:07,698 DEBUG   HandlerThread:148504 [handler.py:handle_request():146] handle_request: internal_messages
2023-10-31 16:56:12,720 DEBUG   HandlerThread:148504 [handler.py:handle_request():146] handle_request: keepalive
2023-10-31 16:56:12,955 DEBUG   HandlerThread:148504 [handler.py:handle_request():146] handle_request: partial_history
2023-10-31 16:56:12,956 DEBUG   HandlerThread:148504 [handler.py:handle_request():146] handle_request: partial_history
2023-10-31 16:56:12,957 DEBUG   HandlerThread:148504 [handler.py:handle_request():146] handle_request: partial_history
2023-10-31 16:56:12,958 DEBUG   HandlerThread:148504 [handler.py:handle_request():146] handle_request: partial_history
2023-10-31 16:56:12,958 DEBUG   HandlerThread:148504 [handler.py:handle_request():146] handle_request: partial_history
2023-10-31 16:56:13,963 DEBUG   HandlerThread:148504 [handler.py:handle_request():146] handle_request: poll_exit
2023-10-31 16:56:18,965 DEBUG   HandlerThread:148504 [handler.py:handle_request():146] handle_request: keepalive
2023-10-31 16:56:23,966 DEBUG   HandlerThread:148504 [handler.py:handle_request():146] handle_request: keepalive
2023-10-31 16:56:28,968 DEBUG   HandlerThread:148504 [handler.py:handle_request():146] handle_request: keepalive
2023-10-31 16:56:33,969 DEBUG   HandlerThread:148504 [handler.py:handle_request():146] handle_request: keepalive
2023-10-31 16:56:38,971 DEBUG   HandlerThread:148504 [handler.py:handle_request():146] handle_request: keepalive
2023-10-31 16:56:43,972 DEBUG   HandlerThread:148504 [handler.py:handle_request():146] handle_request: keepalive
2023-10-31 16:56:48,974 DEBUG   HandlerThread:148504 [handler.py:handle_request():146] handle_request: keepalive
2023-10-31 16:56:53,975 DEBUG   HandlerThread:148504 [handler.py:handle_request():146] handle_request: keepalive
2023-10-31 16:56:58,977 DEBUG   HandlerThread:148504 [handler.py:handle_request():146] handle_request: keepalive
2023-10-31 16:57:03,979 DEBUG   HandlerThread:148504 [handler.py:handle_request():146] handle_request: keepalive
2023-10-31 16:57:08,980 DEBUG   HandlerThread:148504 [handler.py:handle_request():146] handle_request: keepalive
2023-10-31 16:57:11,168 WARNING FileStreamThread:148504 [file_stream.py:request_with_retry():668] requests_with_retry encountered retryable exception: HTTPSConnectionPool(host='api.wandb.ai', port=443): Max retries exceeded with url: /files/lequn/AudioVisual_ML_ablation_study_v2/ng5bm4qa/file_stream (Caused by NewConnectionError('<urllib3.connection.HTTPSConnection object at 0x7ff0178596d0>: Failed to establish a new connection: [Errno 110] Connection timed out')). func: functools.partial(<bound method Session.post of <requests.sessions.Session object at 0x7ff0176e6a00>>, timeout=180), args: ('https://api.wandb.ai/files/lequn/AudioVisual_ML_ablation_study_v2/ng5bm4qa/file_stream',), kwargs: {'json': {'complete': False, 'failed': False, 'dropped': 0, 'uploaded': ['wandb-metadata.json']}}
2023-10-31 16:57:13,981 DEBUG   HandlerThread:148504 [handler.py:handle_request():146] handle_request: keepalive
2023-10-31 16:57:18,983 DEBUG   HandlerThread:148504 [handler.py:handle_request():146] handle_request: keepalive
2023-10-31 16:57:23,984 DEBUG   HandlerThread:148504 [handler.py:handle_request():146] handle_request: keepalive
2023-10-31 16:57:28,986 DEBUG   HandlerThread:148504 [handler.py:handle_request():146] handle_request: keepalive
2023-10-31 16:57:33,987 DEBUG   HandlerThread:148504 [handler.py:handle_request():146] handle_request: keepalive
2023-10-31 16:57:38,989 DEBUG   HandlerThread:148504 [handler.py:handle_request():146] handle_request: keepalive
2023-10-31 16:57:43,990 DEBUG   HandlerThread:148504 [handler.py:handle_request():146] handle_request: keepalive
2023-10-31 16:57:48,992 DEBUG   HandlerThread:148504 [handler.py:handle_request():146] handle_request: keepalive
2023-10-31 16:57:53,993 DEBUG   HandlerThread:148504 [handler.py:handle_request():146] handle_request: keepalive
2023-10-31 16:57:58,995 DEBUG   HandlerThread:148504 [handler.py:handle_request():146] handle_request: keepalive
2023-10-31 16:58:03,997 DEBUG   HandlerThread:148504 [handler.py:handle_request():146] handle_request: keepalive
2023-10-31 16:58:08,998 DEBUG   HandlerThread:148504 [handler.py:handle_request():146] handle_request: keepalive
2023-10-31 16:58:14,000 DEBUG   HandlerThread:148504 [handler.py:handle_request():146] handle_request: keepalive
2023-10-31 16:58:19,001 DEBUG   HandlerThread:148504 [handler.py:handle_request():146] handle_request: keepalive
2023-10-31 16:58:24,010 DEBUG   HandlerThread:148504 [handler.py:handle_request():146] handle_request: keepalive
2023-10-31 16:58:29,004 DEBUG   HandlerThread:148504 [handler.py:handle_request():146] handle_request: keepalive
2023-10-31 16:58:34,005 DEBUG   HandlerThread:148504 [handler.py:handle_request():146] handle_request: keepalive
2023-10-31 16:58:39,007 DEBUG   HandlerThread:148504 [handler.py:handle_request():146] handle_request: keepalive
2023-10-31 16:58:44,008 DEBUG   HandlerThread:148504 [handler.py:handle_request():146] handle_request: keepalive
2023-10-31 16:58:49,010 DEBUG   HandlerThread:148504 [handler.py:handle_request():146] handle_request: keepalive
2023-10-31 16:58:54,011 DEBUG   HandlerThread:148504 [handler.py:handle_request():146] handle_request: keepalive
2023-10-31 16:58:59,013 DEBUG   HandlerThread:148504 [handler.py:handle_request():146] handle_request: keepalive
2023-10-31 16:59:04,014 DEBUG   HandlerThread:148504 [handler.py:handle_request():146] handle_request: keepalive
2023-10-31 16:59:09,016 DEBUG   HandlerThread:148504 [handler.py:handle_request():146] handle_request: keepalive
2023-10-31 16:59:14,018 DEBUG   HandlerThread:148504 [handler.py:handle_request():146] handle_request: keepalive
2023-10-31 16:59:19,020 DEBUG   HandlerThread:148504 [handler.py:handle_request():146] handle_request: keepalive
2023-10-31 16:59:24,021 DEBUG   HandlerThread:148504 [handler.py:handle_request():146] handle_request: keepalive
2023-10-31 16:59:24,289 WARNING FileStreamThread:148504 [file_stream.py:request_with_retry():668] requests_with_retry encountered retryable exception: HTTPSConnectionPool(host='api.wandb.ai', port=443): Max retries exceeded with url: /files/lequn/AudioVisual_ML_ablation_study_v2/ng5bm4qa/file_stream (Caused by NewConnectionError('<urllib3.connection.HTTPSConnection object at 0x7ff01769c3d0>: Failed to establish a new connection: [Errno 101] Network is unreachable')). func: functools.partial(<bound method Session.post of <requests.sessions.Session object at 0x7ff0176e6a00>>, timeout=180), args: ('https://api.wandb.ai/files/lequn/AudioVisual_ML_ablation_study_v2/ng5bm4qa/file_stream',), kwargs: {'json': {'complete': False, 'failed': False, 'dropped': 0, 'uploaded': ['wandb-metadata.json']}}
2023-10-31 16:59:29,023 DEBUG   HandlerThread:148504 [handler.py:handle_request():146] handle_request: keepalive
2023-10-31 16:59:34,024 DEBUG   HandlerThread:148504 [handler.py:handle_request():146] handle_request: keepalive
2023-10-31 16:59:38,646 DEBUG   HandlerThread:148504 [handler.py:handle_request():146] handle_request: status_report
2023-10-31 16:59:38,982 DEBUG   SenderThread:148504 [sender.py:send():380] send: stats
2023-10-31 16:59:38,987 DEBUG   SenderThread:148504 [sender.py:send():380] send: stats
2023-10-31 16:59:38,988 DEBUG   SenderThread:148504 [sender.py:send():380] send: history
2023-10-31 16:59:38,988 DEBUG   SenderThread:148504 [sender.py:send_request():407] send_request: summary_record
2023-10-31 16:59:38,989 INFO    SenderThread:148504 [sender.py:_save_file():1378] saving file wandb-summary.json with policy end
2023-10-31 16:59:38,990 DEBUG   SenderThread:148504 [sender.py:send():380] send: history
2023-10-31 16:59:38,990 DEBUG   SenderThread:148504 [sender.py:send_request():407] send_request: summary_record
2023-10-31 16:59:38,990 INFO    SenderThread:148504 [sender.py:_save_file():1378] saving file wandb-summary.json with policy end
2023-10-31 16:59:38,990 DEBUG   SenderThread:148504 [sender.py:send():380] send: history
2023-10-31 16:59:38,991 DEBUG   SenderThread:148504 [sender.py:send_request():407] send_request: summary_record
2023-10-31 16:59:38,991 INFO    SenderThread:148504 [sender.py:_save_file():1378] saving file wandb-summary.json with policy end
2023-10-31 16:59:38,991 DEBUG   SenderThread:148504 [sender.py:send():380] send: history
2023-10-31 16:59:38,991 DEBUG   SenderThread:148504 [sender.py:send_request():407] send_request: summary_record
2023-10-31 16:59:38,991 INFO    SenderThread:148504 [sender.py:_save_file():1378] saving file wandb-summary.json with policy end
2023-10-31 16:59:38,992 DEBUG   SenderThread:148504 [sender.py:send():380] send: history
2023-10-31 16:59:38,992 DEBUG   SenderThread:148504 [sender.py:send_request():407] send_request: summary_record
2023-10-31 16:59:38,992 INFO    SenderThread:148504 [sender.py:_save_file():1378] saving file wandb-summary.json with policy end
2023-10-31 16:59:38,992 DEBUG   SenderThread:148504 [sender.py:send():380] send: telemetry
2023-10-31 16:59:38,993 DEBUG   SenderThread:148504 [sender.py:send():380] send: exit
2023-10-31 16:59:38,993 INFO    SenderThread:148504 [sender.py:send_exit():585] handling exit code: 0
2023-10-31 16:59:38,993 INFO    SenderThread:148504 [sender.py:send_exit():587] handling runtime: 103
2023-10-31 16:59:38,993 INFO    SenderThread:148504 [sender.py:_save_file():1378] saving file wandb-summary.json with policy end
2023-10-31 16:59:38,993 INFO    SenderThread:148504 [sender.py:send_exit():593] send defer
2023-10-31 16:59:38,993 DEBUG   SenderThread:148504 [sender.py:send_request():407] send_request: poll_exit
2023-10-31 16:59:38,994 DEBUG   SenderThread:148504 [sender.py:send():380] send: stats
2023-10-31 16:59:38,994 DEBUG   SenderThread:148504 [sender.py:send():380] send: stats
2023-10-31 16:59:38,994 DEBUG   SenderThread:148504 [sender.py:send():380] send: stats
2023-10-31 16:59:38,995 DEBUG   SenderThread:148504 [sender.py:send():380] send: stats
2023-10-31 16:59:38,995 DEBUG   SenderThread:148504 [sender.py:send():380] send: stats
2023-10-31 16:59:38,995 DEBUG   SenderThread:148504 [sender.py:send():380] send: stats
2023-10-31 16:59:38,996 DEBUG   SenderThread:148504 [sender.py:send():380] send: stats
2023-10-31 16:59:38,996 DEBUG   HandlerThread:148504 [handler.py:handle_request():146] handle_request: defer
2023-10-31 16:59:38,996 INFO    HandlerThread:148504 [handler.py:handle_request_defer():172] handle defer: 0
2023-10-31 16:59:38,997 DEBUG   SenderThread:148504 [sender.py:send_request():407] send_request: defer
2023-10-31 16:59:38,997 INFO    SenderThread:148504 [sender.py:send_request_defer():609] handle sender defer: 0
2023-10-31 16:59:38,997 INFO    SenderThread:148504 [sender.py:transition_state():613] send defer: 1
2023-10-31 16:59:38,997 DEBUG   HandlerThread:148504 [handler.py:handle_request():146] handle_request: defer
2023-10-31 16:59:38,997 INFO    HandlerThread:148504 [handler.py:handle_request_defer():172] handle defer: 1
2023-10-31 16:59:38,997 DEBUG   SenderThread:148504 [sender.py:send_request():407] send_request: defer
2023-10-31 16:59:38,997 INFO    SenderThread:148504 [sender.py:send_request_defer():609] handle sender defer: 1
2023-10-31 16:59:38,997 INFO    SenderThread:148504 [sender.py:transition_state():613] send defer: 2
2023-10-31 16:59:38,997 DEBUG   HandlerThread:148504 [handler.py:handle_request():146] handle_request: defer
2023-10-31 16:59:38,998 INFO    HandlerThread:148504 [handler.py:handle_request_defer():172] handle defer: 2
2023-10-31 16:59:38,998 INFO    HandlerThread:148504 [system_monitor.py:finish():203] Stopping system monitor
2023-10-31 16:59:38,998 INFO    HandlerThread:148504 [interfaces.py:finish():202] Joined cpu monitor
2023-10-31 16:59:38,999 INFO    HandlerThread:148504 [interfaces.py:finish():202] Joined disk monitor
2023-10-31 16:59:39,000 DEBUG   SystemMonitor:148504 [system_monitor.py:_start():179] Finished system metrics aggregation loop
2023-10-31 16:59:39,000 DEBUG   SystemMonitor:148504 [system_monitor.py:_start():183] Publishing last batch of metrics
2023-10-31 16:59:39,136 INFO    HandlerThread:148504 [interfaces.py:finish():202] Joined gpu monitor
2023-10-31 16:59:39,136 INFO    HandlerThread:148504 [interfaces.py:finish():202] Joined memory monitor
2023-10-31 16:59:39,137 INFO    HandlerThread:148504 [interfaces.py:finish():202] Joined network monitor
2023-10-31 16:59:39,137 DEBUG   HandlerThread:148504 [handler.py:handle_request():146] handle_request: keepalive
2023-10-31 16:59:39,137 DEBUG   SenderThread:148504 [sender.py:send_request():407] send_request: defer
2023-10-31 16:59:39,138 INFO    SenderThread:148504 [sender.py:send_request_defer():609] handle sender defer: 2
2023-10-31 16:59:39,138 INFO    SenderThread:148504 [sender.py:transition_state():613] send defer: 3
2023-10-31 16:59:39,138 DEBUG   SenderThread:148504 [sender.py:send():380] send: stats
2023-10-31 16:59:39,138 DEBUG   HandlerThread:148504 [handler.py:handle_request():146] handle_request: defer
2023-10-31 16:59:39,139 INFO    HandlerThread:148504 [handler.py:handle_request_defer():172] handle defer: 3
2023-10-31 16:59:39,139 DEBUG   SenderThread:148504 [sender.py:send_request():407] send_request: defer
2023-10-31 16:59:39,139 INFO    SenderThread:148504 [sender.py:send_request_defer():609] handle sender defer: 3
2023-10-31 16:59:39,139 INFO    SenderThread:148504 [sender.py:transition_state():613] send defer: 4
2023-10-31 16:59:39,139 DEBUG   HandlerThread:148504 [handler.py:handle_request():146] handle_request: defer
2023-10-31 16:59:39,139 INFO    HandlerThread:148504 [handler.py:handle_request_defer():172] handle defer: 4
2023-10-31 16:59:39,140 DEBUG   SenderThread:148504 [sender.py:send_request():407] send_request: defer
2023-10-31 16:59:39,140 INFO    SenderThread:148504 [sender.py:send_request_defer():609] handle sender defer: 4
2023-10-31 16:59:39,140 INFO    SenderThread:148504 [sender.py:transition_state():613] send defer: 5
2023-10-31 16:59:39,140 DEBUG   HandlerThread:148504 [handler.py:handle_request():146] handle_request: defer
2023-10-31 16:59:39,140 INFO    HandlerThread:148504 [handler.py:handle_request_defer():172] handle defer: 5
2023-10-31 16:59:39,141 DEBUG   SenderThread:148504 [sender.py:send():380] send: summary
2023-10-31 16:59:39,141 INFO    SenderThread:148504 [sender.py:_save_file():1378] saving file wandb-summary.json with policy end
2023-10-31 16:59:39,141 DEBUG   SenderThread:148504 [sender.py:send_request():407] send_request: defer
2023-10-31 16:59:39,141 INFO    SenderThread:148504 [sender.py:send_request_defer():609] handle sender defer: 5
2023-10-31 16:59:39,141 INFO    SenderThread:148504 [sender.py:transition_state():613] send defer: 6
2023-10-31 16:59:39,142 DEBUG   HandlerThread:148504 [handler.py:handle_request():146] handle_request: defer
2023-10-31 16:59:39,142 INFO    HandlerThread:148504 [handler.py:handle_request_defer():172] handle defer: 6
2023-10-31 16:59:39,142 DEBUG   SenderThread:148504 [sender.py:send_request():407] send_request: defer
2023-10-31 16:59:39,142 INFO    SenderThread:148504 [sender.py:send_request_defer():609] handle sender defer: 6
2023-10-31 16:59:39,147 DEBUG   HandlerThread:148504 [handler.py:handle_request():146] handle_request: status_report
2023-10-31 16:59:39,413 INFO    SenderThread:148504 [sender.py:transition_state():613] send defer: 7
2023-10-31 16:59:39,413 DEBUG   HandlerThread:148504 [handler.py:handle_request():146] handle_request: defer
2023-10-31 16:59:39,413 INFO    HandlerThread:148504 [handler.py:handle_request_defer():172] handle defer: 7
2023-10-31 16:59:39,414 DEBUG   SenderThread:148504 [sender.py:send_request():407] send_request: defer
2023-10-31 16:59:39,414 INFO    SenderThread:148504 [sender.py:send_request_defer():609] handle sender defer: 7
2023-10-31 16:59:39,849 INFO    Thread-613:148504 [dir_watcher.py:_on_file_modified():288] file/dir modified: /home/chenlequn/GitHub/LDED-FusionNet/code/wandb/run-20231031_165428-ng5bm4qa/files/config.yaml
2023-10-31 16:59:39,849 INFO    Thread-613:148504 [dir_watcher.py:_on_file_created():271] file/dir created: /home/chenlequn/GitHub/LDED-FusionNet/code/wandb/run-20231031_165428-ng5bm4qa/files/wandb-summary.json
2023-10-31 16:59:39,850 INFO    Thread-613:148504 [dir_watcher.py:_on_file_created():271] file/dir created: /home/chenlequn/GitHub/LDED-FusionNet/code/wandb/run-20231031_165428-ng5bm4qa/files/output.log
2023-10-31 16:59:41,850 INFO    Thread-613:148504 [dir_watcher.py:_on_file_modified():288] file/dir modified: /home/chenlequn/GitHub/LDED-FusionNet/code/wandb/run-20231031_165428-ng5bm4qa/files/output.log
2023-10-31 16:59:42,993 INFO    SenderThread:148504 [sender.py:transition_state():613] send defer: 8
2023-10-31 16:59:42,994 DEBUG   HandlerThread:148504 [handler.py:handle_request():146] handle_request: defer
2023-10-31 16:59:42,994 INFO    HandlerThread:148504 [handler.py:handle_request_defer():172] handle defer: 8
2023-10-31 16:59:42,995 DEBUG   SenderThread:148504 [sender.py:send_request():407] send_request: defer
2023-10-31 16:59:42,995 INFO    SenderThread:148504 [sender.py:send_request_defer():609] handle sender defer: 8
2023-10-31 16:59:42,995 INFO    SenderThread:148504 [job_builder.py:build():281] Attempting to build job artifact
2023-10-31 16:59:42,997 INFO    SenderThread:148504 [job_builder.py:_get_source_type():393] is repo sourced job
2023-10-31 16:59:42,997 INFO    SenderThread:148504 [job_builder.py:_get_program_relpath():411] run is notebook based run
2023-10-31 16:59:43,000 INFO    SenderThread:148504 [job_builder.py:build():369] adding wandb-job metadata file
2023-10-31 16:59:43,013 INFO    SenderThread:148504 [sender.py:transition_state():613] send defer: 9
2023-10-31 16:59:43,014 DEBUG   HandlerThread:148504 [handler.py:handle_request():146] handle_request: defer
2023-10-31 16:59:43,014 INFO    HandlerThread:148504 [handler.py:handle_request_defer():172] handle defer: 9
2023-10-31 16:59:43,014 DEBUG   SenderThread:148504 [sender.py:send():380] send: artifact
2023-10-31 16:59:43,851 INFO    Thread-613:148504 [dir_watcher.py:_on_file_modified():288] file/dir modified: /home/chenlequn/GitHub/LDED-FusionNet/code/wandb/run-20231031_165428-ng5bm4qa/files/output.log
2023-10-31 16:59:44,027 DEBUG   HandlerThread:148504 [handler.py:handle_request():146] handle_request: keepalive
2023-10-31 16:59:44,308 INFO    SenderThread:148504 [sender.py:send_artifact():1456] sent artifact job-https___github.com_Davidlequnchen_LDED-FusionNet.git_4b_ML_ablation.ipynb - {'id': 'QXJ0aWZhY3Q6NjIzMDYxNjc1', 'state': 'COMMITTED', 'artifactSequence': {'id': 'QXJ0aWZhY3RDb2xsZWN0aW9uOjExMTQ1OTc4Ng==', 'latestArtifact': {'id': 'QXJ0aWZhY3Q6NjIzMDc2OTA4', 'versionIndex': 11}}}
2023-10-31 16:59:44,309 DEBUG   SenderThread:148504 [sender.py:send_request():407] send_request: defer
2023-10-31 16:59:44,309 INFO    SenderThread:148504 [sender.py:send_request_defer():609] handle sender defer: 9
2023-10-31 16:59:44,309 INFO    SenderThread:148504 [dir_watcher.py:finish():358] shutting down directory watcher
2023-10-31 16:59:44,309 DEBUG   HandlerThread:148504 [handler.py:handle_request():146] handle_request: status_report
2023-10-31 16:59:44,852 INFO    SenderThread:148504 [dir_watcher.py:finish():388] scan: /home/chenlequn/GitHub/LDED-FusionNet/code/wandb/run-20231031_165428-ng5bm4qa/files
2023-10-31 16:59:44,853 INFO    SenderThread:148504 [dir_watcher.py:finish():402] scan save: /home/chenlequn/GitHub/LDED-FusionNet/code/wandb/run-20231031_165428-ng5bm4qa/files/config.yaml config.yaml
2023-10-31 16:59:44,853 INFO    SenderThread:148504 [dir_watcher.py:finish():402] scan save: /home/chenlequn/GitHub/LDED-FusionNet/code/wandb/run-20231031_165428-ng5bm4qa/files/wandb-summary.json wandb-summary.json
2023-10-31 16:59:44,854 INFO    SenderThread:148504 [dir_watcher.py:finish():402] scan save: /home/chenlequn/GitHub/LDED-FusionNet/code/wandb/run-20231031_165428-ng5bm4qa/files/requirements.txt requirements.txt
2023-10-31 16:59:44,854 INFO    SenderThread:148504 [dir_watcher.py:finish():402] scan save: /home/chenlequn/GitHub/LDED-FusionNet/code/wandb/run-20231031_165428-ng5bm4qa/files/output.log output.log
2023-10-31 16:59:44,861 INFO    SenderThread:148504 [dir_watcher.py:finish():402] scan save: /home/chenlequn/GitHub/LDED-FusionNet/code/wandb/run-20231031_165428-ng5bm4qa/files/conda-environment.yaml conda-environment.yaml
2023-10-31 16:59:44,861 INFO    SenderThread:148504 [dir_watcher.py:finish():402] scan save: /home/chenlequn/GitHub/LDED-FusionNet/code/wandb/run-20231031_165428-ng5bm4qa/files/wandb-metadata.json wandb-metadata.json
2023-10-31 16:59:44,861 INFO    SenderThread:148504 [sender.py:transition_state():613] send defer: 10
2023-10-31 16:59:44,862 DEBUG   HandlerThread:148504 [handler.py:handle_request():146] handle_request: defer
2023-10-31 16:59:44,862 INFO    HandlerThread:148504 [handler.py:handle_request_defer():172] handle defer: 10
2023-10-31 16:59:44,868 DEBUG   SenderThread:148504 [sender.py:send_request():407] send_request: defer
2023-10-31 16:59:44,869 INFO    SenderThread:148504 [sender.py:send_request_defer():609] handle sender defer: 10
2023-10-31 16:59:44,869 INFO    SenderThread:148504 [file_pusher.py:finish():175] shutting down file pusher
2023-10-31 16:59:45,524 INFO    wandb-upload_4:148504 [upload_job.py:push():131] Uploaded file /home/chenlequn/GitHub/LDED-FusionNet/code/wandb/run-20231031_165428-ng5bm4qa/files/conda-environment.yaml
2023-10-31 16:59:45,526 INFO    wandb-upload_3:148504 [upload_job.py:push():131] Uploaded file /home/chenlequn/GitHub/LDED-FusionNet/code/wandb/run-20231031_165428-ng5bm4qa/files/output.log
2023-10-31 16:59:45,530 INFO    wandb-upload_2:148504 [upload_job.py:push():131] Uploaded file /home/chenlequn/GitHub/LDED-FusionNet/code/wandb/run-20231031_165428-ng5bm4qa/files/requirements.txt
2023-10-31 16:59:49,029 DEBUG   HandlerThread:148504 [handler.py:handle_request():146] handle_request: keepalive
2023-10-31 16:59:49,870 DEBUG   HandlerThread:148504 [handler.py:handle_request():146] handle_request: status_report
2023-10-31 16:59:54,030 DEBUG   HandlerThread:148504 [handler.py:handle_request():146] handle_request: keepalive
2023-10-31 16:59:54,871 DEBUG   HandlerThread:148504 [handler.py:handle_request():146] handle_request: status_report
2023-10-31 16:59:59,032 DEBUG   HandlerThread:148504 [handler.py:handle_request():146] handle_request: keepalive
2023-10-31 16:59:59,872 DEBUG   HandlerThread:148504 [handler.py:handle_request():146] handle_request: status_report
2023-10-31 17:00:04,033 DEBUG   HandlerThread:148504 [handler.py:handle_request():146] handle_request: keepalive
2023-10-31 17:00:04,873 DEBUG   HandlerThread:148504 [handler.py:handle_request():146] handle_request: status_report
2023-10-31 17:00:06,562 INFO    wandb-upload_1:148504 [upload_job.py:push():131] Uploaded file /home/chenlequn/GitHub/LDED-FusionNet/code/wandb/run-20231031_165428-ng5bm4qa/files/wandb-summary.json
2023-10-31 17:00:09,035 DEBUG   HandlerThread:148504 [handler.py:handle_request():146] handle_request: keepalive
2023-10-31 17:00:09,874 DEBUG   HandlerThread:148504 [handler.py:handle_request():146] handle_request: status_report
2023-10-31 17:00:14,036 DEBUG   HandlerThread:148504 [handler.py:handle_request():146] handle_request: keepalive
2023-10-31 17:00:14,875 DEBUG   HandlerThread:148504 [handler.py:handle_request():146] handle_request: status_report
2023-10-31 17:00:19,038 DEBUG   HandlerThread:148504 [handler.py:handle_request():146] handle_request: keepalive
2023-10-31 17:00:19,876 DEBUG   HandlerThread:148504 [handler.py:handle_request():146] handle_request: status_report
2023-10-31 17:00:24,039 DEBUG   HandlerThread:148504 [handler.py:handle_request():146] handle_request: keepalive
2023-10-31 17:00:24,877 DEBUG   HandlerThread:148504 [handler.py:handle_request():146] handle_request: status_report
2023-10-31 17:00:29,041 DEBUG   HandlerThread:148504 [handler.py:handle_request():146] handle_request: keepalive
2023-10-31 17:00:29,879 DEBUG   HandlerThread:148504 [handler.py:handle_request():146] handle_request: status_report
2023-10-31 17:00:34,043 DEBUG   HandlerThread:148504 [handler.py:handle_request():146] handle_request: keepalive
2023-10-31 17:00:34,880 DEBUG   HandlerThread:148504 [handler.py:handle_request():146] handle_request: status_report
2023-10-31 17:00:39,044 DEBUG   HandlerThread:148504 [handler.py:handle_request():146] handle_request: keepalive
2023-10-31 17:00:39,881 DEBUG   HandlerThread:148504 [handler.py:handle_request():146] handle_request: status_report
2023-10-31 17:00:44,046 DEBUG   HandlerThread:148504 [handler.py:handle_request():146] handle_request: keepalive
2023-10-31 17:00:44,882 DEBUG   HandlerThread:148504 [handler.py:handle_request():146] handle_request: status_report
2023-10-31 17:00:49,047 DEBUG   HandlerThread:148504 [handler.py:handle_request():146] handle_request: keepalive
2023-10-31 17:00:49,883 DEBUG   HandlerThread:148504 [handler.py:handle_request():146] handle_request: status_report
2023-10-31 17:00:54,049 DEBUG   HandlerThread:148504 [handler.py:handle_request():146] handle_request: keepalive
2023-10-31 17:00:54,884 DEBUG   HandlerThread:148504 [handler.py:handle_request():146] handle_request: status_report
2023-10-31 17:00:59,050 DEBUG   HandlerThread:148504 [handler.py:handle_request():146] handle_request: keepalive
2023-10-31 17:00:59,885 DEBUG   HandlerThread:148504 [handler.py:handle_request():146] handle_request: status_report
2023-10-31 17:01:04,052 DEBUG   HandlerThread:148504 [handler.py:handle_request():146] handle_request: keepalive
2023-10-31 17:01:04,886 DEBUG   HandlerThread:148504 [handler.py:handle_request():146] handle_request: status_report
2023-10-31 17:01:09,053 DEBUG   HandlerThread:148504 [handler.py:handle_request():146] handle_request: keepalive
2023-10-31 17:01:09,887 DEBUG   HandlerThread:148504 [handler.py:handle_request():146] handle_request: status_report
2023-10-31 17:01:14,055 DEBUG   HandlerThread:148504 [handler.py:handle_request():146] handle_request: keepalive
2023-10-31 17:01:14,888 DEBUG   HandlerThread:148504 [handler.py:handle_request():146] handle_request: status_report
2023-10-31 17:01:19,056 DEBUG   HandlerThread:148504 [handler.py:handle_request():146] handle_request: keepalive
2023-10-31 17:01:19,889 DEBUG   HandlerThread:148504 [handler.py:handle_request():146] handle_request: status_report
2023-10-31 17:01:24,058 DEBUG   HandlerThread:148504 [handler.py:handle_request():146] handle_request: keepalive
2023-10-31 17:01:24,890 DEBUG   HandlerThread:148504 [handler.py:handle_request():146] handle_request: status_report
2023-10-31 17:01:29,059 DEBUG   HandlerThread:148504 [handler.py:handle_request():146] handle_request: keepalive
2023-10-31 17:01:29,892 DEBUG   HandlerThread:148504 [handler.py:handle_request():146] handle_request: status_report
2023-10-31 17:01:34,061 DEBUG   HandlerThread:148504 [handler.py:handle_request():146] handle_request: keepalive
2023-10-31 17:01:34,893 DEBUG   HandlerThread:148504 [handler.py:handle_request():146] handle_request: status_report
2023-10-31 17:01:39,062 DEBUG   HandlerThread:148504 [handler.py:handle_request():146] handle_request: keepalive
2023-10-31 17:01:39,894 DEBUG   HandlerThread:148504 [handler.py:handle_request():146] handle_request: status_report
2023-10-31 17:01:44,064 DEBUG   HandlerThread:148504 [handler.py:handle_request():146] handle_request: keepalive
2023-10-31 17:01:44,895 DEBUG   HandlerThread:148504 [handler.py:handle_request():146] handle_request: status_report
2023-10-31 17:01:49,065 DEBUG   HandlerThread:148504 [handler.py:handle_request():146] handle_request: keepalive
2023-10-31 17:01:49,896 DEBUG   HandlerThread:148504 [handler.py:handle_request():146] handle_request: status_report
2023-10-31 17:01:54,067 DEBUG   HandlerThread:148504 [handler.py:handle_request():146] handle_request: keepalive
2023-10-31 17:01:54,897 DEBUG   HandlerThread:148504 [handler.py:handle_request():146] handle_request: status_report
2023-10-31 17:01:59,068 DEBUG   HandlerThread:148504 [handler.py:handle_request():146] handle_request: keepalive
2023-10-31 17:01:59,898 DEBUG   HandlerThread:148504 [handler.py:handle_request():146] handle_request: status_report
2023-10-31 17:02:04,070 DEBUG   HandlerThread:148504 [handler.py:handle_request():146] handle_request: keepalive
2023-10-31 17:02:04,899 DEBUG   HandlerThread:148504 [handler.py:handle_request():146] handle_request: status_report
2023-10-31 17:02:09,071 DEBUG   HandlerThread:148504 [handler.py:handle_request():146] handle_request: keepalive
2023-10-31 17:02:09,900 DEBUG   HandlerThread:148504 [handler.py:handle_request():146] handle_request: status_report
2023-10-31 17:02:14,073 DEBUG   HandlerThread:148504 [handler.py:handle_request():146] handle_request: keepalive
2023-10-31 17:02:14,901 DEBUG   HandlerThread:148504 [handler.py:handle_request():146] handle_request: status_report
2023-10-31 17:02:19,074 DEBUG   HandlerThread:148504 [handler.py:handle_request():146] handle_request: keepalive
2023-10-31 17:02:19,902 DEBUG   HandlerThread:148504 [handler.py:handle_request():146] handle_request: status_report
2023-10-31 17:02:24,076 DEBUG   HandlerThread:148504 [handler.py:handle_request():146] handle_request: keepalive
2023-10-31 17:02:24,904 DEBUG   HandlerThread:148504 [handler.py:handle_request():146] handle_request: status_report
2023-10-31 17:02:29,077 DEBUG   HandlerThread:148504 [handler.py:handle_request():146] handle_request: keepalive
2023-10-31 17:02:29,905 DEBUG   HandlerThread:148504 [handler.py:handle_request():146] handle_request: status_report
2023-10-31 17:02:34,079 DEBUG   HandlerThread:148504 [handler.py:handle_request():146] handle_request: keepalive
2023-10-31 17:02:34,906 DEBUG   HandlerThread:148504 [handler.py:handle_request():146] handle_request: status_report
2023-10-31 17:02:39,080 DEBUG   HandlerThread:148504 [handler.py:handle_request():146] handle_request: keepalive
2023-10-31 17:02:39,907 DEBUG   HandlerThread:148504 [handler.py:handle_request():146] handle_request: status_report
2023-10-31 17:02:44,082 DEBUG   HandlerThread:148504 [handler.py:handle_request():146] handle_request: keepalive
2023-10-31 17:02:44,908 DEBUG   HandlerThread:148504 [handler.py:handle_request():146] handle_request: status_report
2023-10-31 17:02:49,084 DEBUG   HandlerThread:148504 [handler.py:handle_request():146] handle_request: keepalive
2023-10-31 17:02:49,909 DEBUG   HandlerThread:148504 [handler.py:handle_request():146] handle_request: status_report
2023-10-31 17:02:54,085 DEBUG   HandlerThread:148504 [handler.py:handle_request():146] handle_request: keepalive
2023-10-31 17:02:54,910 DEBUG   HandlerThread:148504 [handler.py:handle_request():146] handle_request: status_report
2023-10-31 17:02:59,087 DEBUG   HandlerThread:148504 [handler.py:handle_request():146] handle_request: keepalive
2023-10-31 17:02:59,911 DEBUG   HandlerThread:148504 [handler.py:handle_request():146] handle_request: status_report
2023-10-31 17:03:04,088 DEBUG   HandlerThread:148504 [handler.py:handle_request():146] handle_request: keepalive
2023-10-31 17:03:04,912 DEBUG   HandlerThread:148504 [handler.py:handle_request():146] handle_request: status_report
2023-10-31 17:03:09,090 DEBUG   HandlerThread:148504 [handler.py:handle_request():146] handle_request: keepalive
2023-10-31 17:03:09,913 DEBUG   HandlerThread:148504 [handler.py:handle_request():146] handle_request: status_report
2023-10-31 17:03:14,091 DEBUG   HandlerThread:148504 [handler.py:handle_request():146] handle_request: keepalive
2023-10-31 17:03:14,914 DEBUG   HandlerThread:148504 [handler.py:handle_request():146] handle_request: status_report
2023-10-31 17:03:19,093 DEBUG   HandlerThread:148504 [handler.py:handle_request():146] handle_request: keepalive
2023-10-31 17:03:19,915 DEBUG   HandlerThread:148504 [handler.py:handle_request():146] handle_request: status_report
2023-10-31 17:03:24,094 DEBUG   HandlerThread:148504 [handler.py:handle_request():146] handle_request: keepalive
2023-10-31 17:03:24,916 DEBUG   HandlerThread:148504 [handler.py:handle_request():146] handle_request: status_report
2023-10-31 17:03:29,096 DEBUG   HandlerThread:148504 [handler.py:handle_request():146] handle_request: keepalive
2023-10-31 17:03:29,917 DEBUG   HandlerThread:148504 [handler.py:handle_request():146] handle_request: status_report
2023-10-31 17:03:34,097 DEBUG   HandlerThread:148504 [handler.py:handle_request():146] handle_request: keepalive
2023-10-31 17:03:34,918 DEBUG   HandlerThread:148504 [handler.py:handle_request():146] handle_request: status_report
2023-10-31 17:03:39,099 DEBUG   HandlerThread:148504 [handler.py:handle_request():146] handle_request: keepalive
2023-10-31 17:03:39,920 DEBUG   HandlerThread:148504 [handler.py:handle_request():146] handle_request: status_report
2023-10-31 17:03:44,101 DEBUG   HandlerThread:148504 [handler.py:handle_request():146] handle_request: keepalive
2023-10-31 17:03:44,921 DEBUG   HandlerThread:148504 [handler.py:handle_request():146] handle_request: status_report
2023-10-31 17:03:49,102 DEBUG   HandlerThread:148504 [handler.py:handle_request():146] handle_request: keepalive
2023-10-31 17:03:49,922 DEBUG   HandlerThread:148504 [handler.py:handle_request():146] handle_request: status_report
2023-10-31 17:03:54,104 DEBUG   HandlerThread:148504 [handler.py:handle_request():146] handle_request: keepalive
2023-10-31 17:03:54,923 DEBUG   HandlerThread:148504 [handler.py:handle_request():146] handle_request: status_report
2023-10-31 17:03:59,105 DEBUG   HandlerThread:148504 [handler.py:handle_request():146] handle_request: keepalive
2023-10-31 17:03:59,924 DEBUG   HandlerThread:148504 [handler.py:handle_request():146] handle_request: status_report
2023-10-31 17:04:04,107 DEBUG   HandlerThread:148504 [handler.py:handle_request():146] handle_request: keepalive
2023-10-31 17:04:04,925 DEBUG   HandlerThread:148504 [handler.py:handle_request():146] handle_request: status_report
2023-10-31 17:04:09,926 DEBUG   HandlerThread:148504 [handler.py:handle_request():146] handle_request: status_report
2023-10-31 17:04:14,927 DEBUG   HandlerThread:148504 [handler.py:handle_request():146] handle_request: status_report
2023-10-31 17:04:19,928 DEBUG   HandlerThread:148504 [handler.py:handle_request():146] handle_request: status_report
2023-10-31 17:04:24,929 DEBUG   HandlerThread:148504 [handler.py:handle_request():146] handle_request: status_report
2023-10-31 17:04:29,930 DEBUG   HandlerThread:148504 [handler.py:handle_request():146] handle_request: status_report
2023-10-31 17:04:34,931 DEBUG   HandlerThread:148504 [handler.py:handle_request():146] handle_request: status_report
2023-10-31 17:04:39,932 DEBUG   HandlerThread:148504 [handler.py:handle_request():146] handle_request: status_report
2023-10-31 17:04:44,933 DEBUG   HandlerThread:148504 [handler.py:handle_request():146] handle_request: status_report
2023-10-31 17:04:49,934 DEBUG   HandlerThread:148504 [handler.py:handle_request():146] handle_request: status_report
2023-10-31 17:04:54,935 DEBUG   HandlerThread:148504 [handler.py:handle_request():146] handle_request: status_report
2023-10-31 17:04:59,936 DEBUG   HandlerThread:148504 [handler.py:handle_request():146] handle_request: status_report
2023-10-31 17:05:04,937 DEBUG   HandlerThread:148504 [handler.py:handle_request():146] handle_request: status_report
2023-10-31 17:05:09,938 DEBUG   HandlerThread:148504 [handler.py:handle_request():146] handle_request: status_report
2023-10-31 17:05:14,939 DEBUG   HandlerThread:148504 [handler.py:handle_request():146] handle_request: status_report
2023-10-31 17:05:19,940 DEBUG   HandlerThread:148504 [handler.py:handle_request():146] handle_request: status_report
2023-10-31 17:05:24,941 DEBUG   HandlerThread:148504 [handler.py:handle_request():146] handle_request: status_report
2023-10-31 17:05:29,943 DEBUG   HandlerThread:148504 [handler.py:handle_request():146] handle_request: status_report
2023-10-31 17:05:34,944 DEBUG   HandlerThread:148504 [handler.py:handle_request():146] handle_request: status_report
2023-10-31 17:05:39,945 DEBUG   HandlerThread:148504 [handler.py:handle_request():146] handle_request: status_report
2023-10-31 17:05:44,946 DEBUG   HandlerThread:148504 [handler.py:handle_request():146] handle_request: status_report
2023-10-31 17:05:49,947 DEBUG   HandlerThread:148504 [handler.py:handle_request():146] handle_request: status_report
2023-10-31 17:05:54,948 DEBUG   HandlerThread:148504 [handler.py:handle_request():146] handle_request: status_report
2023-10-31 17:05:59,949 DEBUG   HandlerThread:148504 [handler.py:handle_request():146] handle_request: status_report
2023-10-31 17:06:04,950 DEBUG   HandlerThread:148504 [handler.py:handle_request():146] handle_request: status_report
2023-10-31 17:06:09,951 DEBUG   HandlerThread:148504 [handler.py:handle_request():146] handle_request: status_report
2023-10-31 17:06:14,952 DEBUG   HandlerThread:148504 [handler.py:handle_request():146] handle_request: status_report
2023-10-31 17:06:19,953 DEBUG   HandlerThread:148504 [handler.py:handle_request():146] handle_request: status_report
2023-10-31 17:06:24,954 DEBUG   HandlerThread:148504 [handler.py:handle_request():146] handle_request: status_report
2023-10-31 17:06:29,955 DEBUG   HandlerThread:148504 [handler.py:handle_request():146] handle_request: status_report
2023-10-31 17:06:34,956 DEBUG   HandlerThread:148504 [handler.py:handle_request():146] handle_request: status_report
2023-10-31 17:06:39,957 DEBUG   HandlerThread:148504 [handler.py:handle_request():146] handle_request: status_report
2023-10-31 17:06:44,958 DEBUG   HandlerThread:148504 [handler.py:handle_request():146] handle_request: status_report
2023-10-31 17:06:49,959 DEBUG   HandlerThread:148504 [handler.py:handle_request():146] handle_request: status_report
2023-10-31 17:06:54,960 DEBUG   HandlerThread:148504 [handler.py:handle_request():146] handle_request: status_report
2023-10-31 17:06:59,961 DEBUG   HandlerThread:148504 [handler.py:handle_request():146] handle_request: status_report
2023-10-31 17:07:04,962 DEBUG   HandlerThread:148504 [handler.py:handle_request():146] handle_request: status_report
2023-10-31 17:07:09,963 DEBUG   HandlerThread:148504 [handler.py:handle_request():146] handle_request: status_report
2023-10-31 17:07:14,964 DEBUG   HandlerThread:148504 [handler.py:handle_request():146] handle_request: status_report
2023-10-31 17:07:19,965 DEBUG   HandlerThread:148504 [handler.py:handle_request():146] handle_request: status_report
2023-10-31 17:07:24,966 DEBUG   HandlerThread:148504 [handler.py:handle_request():146] handle_request: status_report
2023-10-31 17:07:29,968 DEBUG   HandlerThread:148504 [handler.py:handle_request():146] handle_request: status_report
2023-10-31 17:07:34,969 DEBUG   HandlerThread:148504 [handler.py:handle_request():146] handle_request: status_report
2023-10-31 17:07:39,970 DEBUG   HandlerThread:148504 [handler.py:handle_request():146] handle_request: status_report
2023-10-31 17:07:44,971 DEBUG   HandlerThread:148504 [handler.py:handle_request():146] handle_request: status_report
2023-10-31 17:07:49,972 DEBUG   HandlerThread:148504 [handler.py:handle_request():146] handle_request: status_report
2023-10-31 17:07:54,972 DEBUG   HandlerThread:148504 [handler.py:handle_request():146] handle_request: status_report
2023-10-31 17:07:59,974 DEBUG   HandlerThread:148504 [handler.py:handle_request():146] handle_request: status_report
2023-10-31 17:08:04,975 DEBUG   HandlerThread:148504 [handler.py:handle_request():146] handle_request: status_report
2023-10-31 17:08:09,976 DEBUG   HandlerThread:148504 [handler.py:handle_request():146] handle_request: status_report
2023-10-31 17:08:14,976 DEBUG   HandlerThread:148504 [handler.py:handle_request():146] handle_request: status_report
2023-10-31 17:08:19,977 DEBUG   HandlerThread:148504 [handler.py:handle_request():146] handle_request: status_report
2023-10-31 17:08:24,979 DEBUG   HandlerThread:148504 [handler.py:handle_request():146] handle_request: status_report
2023-10-31 17:08:29,980 DEBUG   HandlerThread:148504 [handler.py:handle_request():146] handle_request: status_report
2023-10-31 17:08:34,981 DEBUG   HandlerThread:148504 [handler.py:handle_request():146] handle_request: status_report
2023-10-31 17:08:39,982 DEBUG   HandlerThread:148504 [handler.py:handle_request():146] handle_request: status_report
2023-10-31 17:08:44,983 DEBUG   HandlerThread:148504 [handler.py:handle_request():146] handle_request: status_report
2023-10-31 17:08:49,984 DEBUG   HandlerThread:148504 [handler.py:handle_request():146] handle_request: status_report
2023-10-31 17:08:54,985 DEBUG   HandlerThread:148504 [handler.py:handle_request():146] handle_request: status_report
2023-10-31 17:08:59,986 DEBUG   HandlerThread:148504 [handler.py:handle_request():146] handle_request: status_report
2023-10-31 17:09:02,846 WARNING StreamThr :148504 [internal.py:is_dead():414] Internal process exiting, parent pid 148469 disappeared
2023-10-31 17:09:02,846 ERROR   StreamThr :148504 [internal.py:wandb_internal():152] Internal process shutdown.
2023-10-31 17:09:02,986 INFO    SenderThread:148504 [sender.py:finish():1534] shutting down sender
2023-10-31 17:09:02,986 INFO    SenderThread:148504 [file_pusher.py:finish():175] shutting down file pusher
2023-10-31 17:09:02,986 INFO    SenderThread:148504 [file_pusher.py:join():181] waiting for file pusher
2023-10-31 17:09:02,987 INFO    HandlerThread:148504 [handler.py:finish():866] shutting down handler
2023-10-31 17:09:02,987 INFO    WriterThread:148504 [datastore.py:close():294] close: /home/chenlequn/GitHub/LDED-FusionNet/code/wandb/run-20231031_165428-ng5bm4qa/run-ng5bm4qa.wandb
2023-10-31 17:15:28,896 ERROR   wandb-upload_0:148504 [internal_api.py:upload_file():2556] upload_file exception https://storage.googleapis.com/wandb-production.appspot.com/lequn/AudioVisual_ML_ablation_study_v2/ng5bm4qa/config.yaml?Expires=1698829184&GoogleAccessId=gorilla-files-url-signer-man%40wandb-production.iam.gserviceaccount.com&Signature=Au2f7wj7Xi9dxTKrPVYG0t4y7H8jqHQXuBdF4rMakChLALNw2bWosFEaaeTCLLsDVfXHeQGuwp4PwtKu9yZr1bh18xwTxeDdeTlE94RDDlvGTjLuk%2BGeTo4r1a6VRUJXm95YjrksUsdQVV8EqJmATAm%2Fm%2FZoUT3u6wauKzKsWZ7EPmDpZe6AgS0XCnb8MTFrFMtaJ%2Bd8c4FWBTSngu9RmcBkY1h2vHc0IWjQkdTW0UN1ZGSuMoPOPezsayjOqg2Uosaq7POzw2hgFkmYsK%2Fc9HBHYb7ZE%2BMQbvUOFTEgvJRvBvxFspk292D3yqHq1D1gAMfoFhPbddyPTn46TRyqKg%3D%3D: HTTPSConnectionPool(host='storage.googleapis.com', port=443): Read timed out. (read timeout=None)
2023-10-31 17:15:28,897 ERROR   wandb-upload_0:148504 [internal_api.py:upload_file():2558] upload_file request headers: {'User-Agent': 'python-requests/2.31.0', 'Accept-Encoding': 'gzip, deflate, br', 'Accept': '*/*', 'Connection': 'keep-alive', 'Content-Length': '647'}
2023-10-31 17:15:28,897 ERROR   wandb-upload_0:148504 [internal_api.py:upload_file():2560] upload_file response body: 
2023-10-31 17:15:31,238 INFO    wandb-upload_0:148504 [upload_job.py:push():131] Uploaded file /home/chenlequn/GitHub/LDED-FusionNet/code/wandb/run-20231031_165428-ng5bm4qa/files/config.yaml
2023-10-31 17:15:31,438 INFO    Thread-612:148504 [sender.py:transition_state():613] send defer: 11
2023-10-31 17:15:31,920 INFO    SenderThread:148504 [file_stream.py:finish():595] file stream finish called
2023-10-31 17:15:32,156 INFO    SenderThread:148504 [file_stream.py:finish():599] file stream finish is done
